<?xml version="1.0" encoding="UTF-8"?>
<testsuite name="com.example.myapplication.ExampleUnitTest" tests="1" skipped="0" failures="0" errors="0" timestamp="2020-02-06T08:32:10" hostname="loutretempetueuse" time="0.001">
  <properties/>
  <testcase name="addition_isCorrect" classname="com.example.myapplication.ExampleUnitTest" time="0.001"/>
  <system-out><![CDATA[]]></system-out>
  <system-err><![CDATA[]]></system-err>
</testsuite>
